# JRE version: Java(TM) SE Runtime Environment (8.0_152-b16) (build 1.8.0_152-b16)
# Java VM: Java HotSpot(TM) 64-Bit Server VM (25.152-b16 mixed mode windows-amd64 compressed oops)
Heap:
 PSYoungGen      total 196096K, used 99258K [0x0000000716400000, 0x0000000723900000, 0x00000007c0000000)
  eden space 174592K, 46% used [0x0000000716400000,0x000000071b2a4b48,0x0000000720e80000)
  from space 21504K, 87% used [0x0000000722380000,0x00000007235c9fe0,0x0000000723880000)
  to   space 21504K, 0% used [0x0000000720e80000,0x0000000720e80000,0x0000000722380000)
 ParOldGen       total 386048K, used 15864K [0x00000005c2c00000, 0x00000005da500000, 0x0000000716400000)
  object space 386048K, 4% used [0x00000005c2c00000,0x00000005c3b7e190,0x00000005da500000)
 Metaspace       used 45919K, capacity 48654K, committed 48856K, reserved 1091584K
  class space    used 5861K, capacity 6353K, committed 6400K, reserved 1048576K
GC Heap History (10 events):
Event: 2.192 GC heap before
{Heap before GC invocations=4 (full 1):
 PSYoungGen      total 152576K, used 139318K [0x0000000716400000, 0x0000000723480000, 0x00000007c0000000)
  eden space 131072K, 100% used [0x0000000716400000,0x000000071e400000,0x000000071e400000)
  from space 21504K, 38% used [0x000000071f900000,0x000000072010d968,0x0000000720e00000)
  to   space 21504K, 0% used [0x000000071e400000,0x000000071e400000,0x000000071f900000)
 ParOldGen       total 235008K, used 13925K [0x00000005c2c00000, 0x00000005d1180000, 0x0000000716400000)
  object space 235008K, 5% used [0x00000005c2c00000,0x00000005c39994e8,0x00000005d1180000)
 Metaspace       used 27835K, capacity 29488K, committed 29696K, reserved 1075200K
  class space    used 3531K, capacity 3834K, committed 3840K, reserved 1048576K
Event: 2.196 GC heap after
Heap after GC invocations=4 (full 1):
 PSYoungGen      total 152576K, used 7242K [0x0000000716400000, 0x0000000723880000, 0x00000007c0000000)
  eden space 131072K, 0% used [0x0000000716400000,0x0000000716400000,0x000000071e400000)
  from space 21504K, 33% used [0x000000071e400000,0x000000071eb12b50,0x000000071f900000)
  to   space 21504K, 0% used [0x0000000722380000,0x0000000722380000,0x0000000723880000)
 ParOldGen       total 235008K, used 13933K [0x00000005c2c00000, 0x00000005d1180000, 0x0000000716400000)
  object space 235008K, 5% used [0x00000005c2c00000,0x00000005c399b4e8,0x00000005d1180000)
 Metaspace       used 27835K, capacity 29488K, committed 29696K, reserved 1075200K
  class space    used 3531K, capacity 3834K, committed 3840K, reserved 1048576K
}
Event: 2.882 GC heap before
{Heap before GC invocations=5 (full 1):
 PSYoungGen      total 152576K, used 90958K [0x0000000716400000, 0x0000000723880000, 0x00000007c0000000)
  eden space 131072K, 63% used [0x0000000716400000,0x000000071b5c0d70,0x000000071e400000)
  from space 21504K, 33% used [0x000000071e400000,0x000000071eb12b50,0x000000071f900000)
  to   space 21504K, 0% used [0x0000000722380000,0x0000000722380000,0x0000000723880000)
 ParOldGen       total 235008K, used 13933K [0x00000005c2c00000, 0x00000005d1180000, 0x0000000716400000)
  object space 235008K, 5% used [0x00000005c2c00000,0x00000005c399b4e8,0x00000005d1180000)
 Metaspace       used 33481K, capacity 35346K, committed 35416K, reserved 1079296K
  class space    used 4340K, capacity 4701K, committed 4736K, reserved 1048576K
Event: 2.888 GC heap after
Heap after GC invocations=5 (full 1):
 PSYoungGen      total 196096K, used 11421K [0x0000000716400000, 0x0000000723900000, 0x00000007c0000000)
  eden space 174592K, 0% used [0x0000000716400000,0x0000000716400000,0x0000000720e80000)
  from space 21504K, 53% used [0x0000000722380000,0x0000000722ea74c8,0x0000000723880000)
  to   space 21504K, 0% used [0x0000000720e80000,0x0000000720e80000,0x0000000722380000)
 ParOldGen       total 235008K, used 13941K [0x00000005c2c00000, 0x00000005d1180000, 0x0000000716400000)
  object space 235008K, 5% used [0x00000005c2c00000,0x00000005c399d4e8,0x00000005d1180000)
 Metaspace       used 33481K, capacity 35346K, committed 35416K, reserved 1079296K
  class space    used 4340K, capacity 4701K, committed 4736K, reserved 1048576K
}
Event: 2.888 GC heap before
{Heap before GC invocations=6 (full 2):
 PSYoungGen      total 196096K, used 11421K [0x0000000716400000, 0x0000000723900000, 0x00000007c0000000)
  eden space 174592K, 0% used [0x0000000716400000,0x0000000716400000,0x0000000720e80000)
  from space 21504K, 53% used [0x0000000722380000,0x0000000722ea74c8,0x0000000723880000)
  to   space 21504K, 0% used [0x0000000720e80000,0x0000000720e80000,0x0000000722380000)
 ParOldGen       total 235008K, used 13941K [0x00000005c2c00000, 0x00000005d1180000, 0x0000000716400000)
  object space 235008K, 5% used [0x00000005c2c00000,0x00000005c399d4e8,0x00000005d1180000)
 Metaspace       used 33481K, capacity 35346K, committed 35416K, reserved 1079296K
  class space    used 4340K, capacity 4701K, committed 4736K, reserved 1048576K
Event: 2.916 GC heap after
Heap after GC invocations=6 (full 2):
 PSYoungGen      total 196096K, used 0K [0x0000000716400000, 0x0000000723900000, 0x00000007c0000000)
  eden space 174592K, 0% used [0x0000000716400000,0x0000000716400000,0x0000000720e80000)
  from space 21504K, 0% used [0x0000000722380000,0x0000000722380000,0x0000000723880000)
  to   space 21504K, 0% used [0x0000000720e80000,0x0000000720e80000,0x0000000722380000)
 ParOldGen       total 386048K, used 15848K [0x00000005c2c00000, 0x00000005da500000, 0x0000000716400000)
  object space 386048K, 4% used [0x00000005c2c00000,0x00000005c3b7a190,0x00000005da500000)
 Metaspace       used 33481K, capacity 35346K, committed 35416K, reserved 1079296K
  class space    used 4340K, capacity 4701K, committed 4736K, reserved 1048576K
}
Event: 3.345 GC heap before
{Heap before GC invocations=7 (full 2):
 PSYoungGen      total 196096K, used 174592K [0x0000000716400000, 0x0000000723900000, 0x00000007c0000000)
  eden space 174592K, 100% used [0x0000000716400000,0x0000000720e80000,0x0000000720e80000)
  from space 21504K, 0% used [0x0000000722380000,0x0000000722380000,0x0000000723880000)
  to   space 21504K, 0% used [0x0000000720e80000,0x0000000720e80000,0x0000000722380000)
 ParOldGen       total 386048K, used 15848K [0x00000005c2c00000, 0x00000005da500000, 0x0000000716400000)
  object space 386048K, 4% used [0x00000005c2c00000,0x00000005c3b7a190,0x00000005da500000)
 Metaspace       used 36155K, capacity 38052K, committed 38232K, reserved 1083392K
  class space    used 4618K, capacity 4960K, committed 4992K, reserved 1048576K
Event: 3.348 GC heap after
Heap after GC invocations=7 (full 2):
 PSYoungGen      total 196096K, used 6205K [0x0000000716400000, 0x0000000723900000, 0x00000007c0000000)
  eden space 174592K, 0% used [0x0000000716400000,0x0000000716400000,0x0000000720e80000)
  from space 21504K, 28% used [0x0000000720e80000,0x000000072148f548,0x0000000722380000)
  to   space 21504K, 0% used [0x0000000722380000,0x0000000722380000,0x0000000723880000)
 ParOldGen       total 386048K, used 15856K [0x00000005c2c00000, 0x00000005da500000, 0x0000000716400000)
  object space 386048K, 4% used [0x00000005c2c00000,0x00000005c3b7c190,0x00000005da500000)
 Metaspace       used 36155K, capacity 38052K, committed 38232K, reserved 1083392K
  class space    used 4618K, capacity 4960K, committed 4992K, reserved 1048576K
}
Event: 4.242 GC heap before
{Heap before GC invocations=8 (full 2):
 PSYoungGen      total 196096K, used 180797K [0x0000000716400000, 0x0000000723900000, 0x00000007c0000000)
  eden space 174592K, 100% used [0x0000000716400000,0x0000000720e80000,0x0000000720e80000)
  from space 21504K, 28% used [0x0000000720e80000,0x000000072148f548,0x0000000722380000)
  to   space 21504K, 0% used [0x0000000722380000,0x0000000722380000,0x0000000723880000)
 ParOldGen       total 386048K, used 15856K [0x00000005c2c00000, 0x00000005da500000, 0x0000000716400000)
  object space 386048K, 4% used [0x00000005c2c00000,0x00000005c3b7c190,0x00000005da500000)
 Metaspace       used 43815K, capacity 45996K, committed 46168K, reserved 1089536K
  class space    used 5518K, capacity 5932K, committed 6016K, reserved 1048576K
Event: 4.250 GC heap after
Heap after GC invocations=8 (full 2):
 PSYoungGen      total 196096K, used 18727K [0x0000000716400000, 0x0000000723900000, 0x00000007c0000000)
  eden space 174592K, 0% used [0x0000000716400000,0x0000000716400000,0x0000000720e80000)
  from space 21504K, 87% used [0x0000000722380000,0x00000007235c9fe0,0x0000000723880000)
  to   space 21504K, 0% used [0x0000000720e80000,0x0000000720e80000,0x0000000722380000)
 ParOldGen       total 386048K, used 15864K [0x00000005c2c00000, 0x00000005da500000, 0x0000000716400000)
  object space 386048K, 4% used [0x00000005c2c00000,0x00000005c3b7e190,0x00000005da500000)
 Metaspace       used 43815K, capacity 45996K, committed 46168K, reserved 1089536K
  class space    used 5518K, capacity 5932K, committed 6016K, reserved 1048576K
}

